<?xml version="1.0" encoding="UTF-8"?>
<testsuite xmlns:xsi="http://www.w3.org/2001/XMLSchema-instance" xsi:noNamespaceSchemaLocation="https://maven.apache.org/surefire/maven-surefire-plugin/xsd/surefire-test-report.xsd" name="com.unacademy.AppTest" time="0.156" tests="1" errors="0" skipped="0" failures="0">
  <properties>
    <property name="sun.desktop" value="windows"/>
    <property name="awt.toolkit" value="sun.awt.windows.WToolkit"/>
    <property name="file.encoding.pkg" value="sun.io"/>
    <property name="java.specification.version" value="1.8"/>
    <property name="sun.cpu.isalist" value="amd64"/>
    <property name="sun.jnu.encoding" value="Cp1252"/>
    <property name="java.class.path" value="C:\Users\Dell\unacademy\target\test-classes;C:\Users\Dell\unacademy\target\classes;C:\Users\Dell\.m2\repository\junit\junit\4.11\junit-4.11.jar;C:\Users\Dell\.m2\repository\org\hamcrest\hamcrest-core\1.3\hamcrest-core-1.3.jar;C:\Users\Dell\.m2\repository\com\ibeetl\mysql\3.22.0-RELEASE\mysql-3.22.0-RELEASE.jar;C:\Users\Dell\.m2\repository\mysql\mysql-connector-java\8.0.20\mysql-connector-java-8.0.20.jar;C:\Users\Dell\.m2\repository\com\google\protobuf\protobuf-java\3.6.1\protobuf-java-3.6.1.jar;C:\Users\Dell\.m2\repository\com\zaxxer\HikariCP\3.3.1\HikariCP-3.3.1.jar;C:\Users\Dell\.m2\repository\org\slf4j\slf4j-api\1.7.25\slf4j-api-1.7.25.jar;C:\Users\Dell\.m2\repository\com\ibeetl\beetlsql\3.22.0-RELEASE\beetlsql-3.22.0-RELEASE.jar;C:\Users\Dell\.m2\repository\com\ibeetl\sql-core\3.22.0-RELEASE\sql-core-3.22.0-RELEASE.jar;C:\Users\Dell\.m2\repository\com\ibeetl\sql-util\3.22.0-RELEASE\sql-util-3.22.0-RELEASE.jar;C:\Users\Dell\.m2\repository\com\github\jsqlparser\jsqlparser\4.1\jsqlparser-4.1.jar;C:\Users\Dell\.m2\repository\javax\validation\validation-api\1.1.0.Final\validation-api-1.1.0.Final.jar;C:\Users\Dell\.m2\repository\com\ibeetl\sql-gen\3.22.0-RELEASE\sql-gen-3.22.0-RELEASE.jar;C:\Users\Dell\.m2\repository\com\ibeetl\sql-fetch\3.22.0-RELEASE\sql-fetch-3.22.0-RELEASE.jar;C:\Users\Dell\.m2\repository\com\ibeetl\sql-mapper\3.22.0-RELEASE\sql-mapper-3.22.0-RELEASE.jar;C:\Users\Dell\.m2\repository\com\ibeetl\beetl\3.15.3.RELEASE\beetl-3.15.3.RELEASE.jar;C:\Users\Dell\.m2\repository\org\antlr\antlr4-runtime\4.9.3\antlr4-runtime-4.9.3.jar;C:\Users\Dell\.m2\repository\com\ibeetl\beetl-core\3.15.3.RELEASE\beetl-core-3.15.3.RELEASE.jar;C:\Users\Dell\.m2\repository\com\ibeetl\beetl-default-antlr4.9-support\3.15.3.RELEASE\beetl-default-antlr4.9-support-3.15.3.RELEASE.jar;C:\Users\Dell\.m2\repository\com\ibeetl\beetl-ext\3.15.3.RELEASE\beetl-ext-3.15.3.RELEASE.jar;"/>
    <property name="java.vm.vendor" value="Oracle Corporation"/>
    <property name="sun.arch.data.model" value="64"/>
    <property name="user.variant" value=""/>
    <property name="java.vendor.url" value="http://java.oracle.com/"/>
    <property name="user.timezone" value="Asia/Calcutta"/>
    <property name="java.vm.specification.version" value="1.8"/>
    <property name="os.name" value="Windows 10"/>
    <property name="user.country" value="IN"/>
    <property name="sun.java.launcher" value="SUN_STANDARD"/>
    <property name="sun.boot.library.path" value="C:\Program Files\Java\jdk1.8.0_341\jre\bin"/>
    <property name="sun.java.command" value="C:\Users\Dell\AppData\Local\Temp\surefire1836213380652266144\surefirebooter1278915520316105378.jar C:\Users\Dell\AppData\Local\Temp\surefire1836213380652266144 2023-04-15T09-17-23_485-jvmRun1 surefire3203277340486843556tmp surefire_02656946790351511244tmp"/>
    <property name="surefire.test.class.path" value="C:\Users\Dell\unacademy\target\test-classes;C:\Users\Dell\unacademy\target\classes;C:\Users\Dell\.m2\repository\junit\junit\4.11\junit-4.11.jar;C:\Users\Dell\.m2\repository\org\hamcrest\hamcrest-core\1.3\hamcrest-core-1.3.jar;C:\Users\Dell\.m2\repository\com\ibeetl\mysql\3.22.0-RELEASE\mysql-3.22.0-RELEASE.jar;C:\Users\Dell\.m2\repository\mysql\mysql-connector-java\8.0.20\mysql-connector-java-8.0.20.jar;C:\Users\Dell\.m2\repository\com\google\protobuf\protobuf-java\3.6.1\protobuf-java-3.6.1.jar;C:\Users\Dell\.m2\repository\com\zaxxer\HikariCP\3.3.1\HikariCP-3.3.1.jar;C:\Users\Dell\.m2\repository\org\slf4j\slf4j-api\1.7.25\slf4j-api-1.7.25.jar;C:\Users\Dell\.m2\repository\com\ibeetl\beetlsql\3.22.0-RELEASE\beetlsql-3.22.0-RELEASE.jar;C:\Users\Dell\.m2\repository\com\ibeetl\sql-core\3.22.0-RELEASE\sql-core-3.22.0-RELEASE.jar;C:\Users\Dell\.m2\repository\com\ibeetl\sql-util\3.22.0-RELEASE\sql-util-3.22.0-RELEASE.jar;C:\Users\Dell\.m2\repository\com\github\jsqlparser\jsqlparser\4.1\jsqlparser-4.1.jar;C:\Users\Dell\.m2\repository\javax\validation\validation-api\1.1.0.Final\validation-api-1.1.0.Final.jar;C:\Users\Dell\.m2\repository\com\ibeetl\sql-gen\3.22.0-RELEASE\sql-gen-3.22.0-RELEASE.jar;C:\Users\Dell\.m2\repository\com\ibeetl\sql-fetch\3.22.0-RELEASE\sql-fetch-3.22.0-RELEASE.jar;C:\Users\Dell\.m2\repository\com\ibeetl\sql-mapper\3.22.0-RELEASE\sql-mapper-3.22.0-RELEASE.jar;C:\Users\Dell\.m2\repository\com\ibeetl\beetl\3.15.3.RELEASE\beetl-3.15.3.RELEASE.jar;C:\Users\Dell\.m2\repository\org\antlr\antlr4-runtime\4.9.3\antlr4-runtime-4.9.3.jar;C:\Users\Dell\.m2\repository\com\ibeetl\beetl-core\3.15.3.RELEASE\beetl-core-3.15.3.RELEASE.jar;C:\Users\Dell\.m2\repository\com\ibeetl\beetl-default-antlr4.9-support\3.15.3.RELEASE\beetl-default-antlr4.9-support-3.15.3.RELEASE.jar;C:\Users\Dell\.m2\repository\com\ibeetl\beetl-ext\3.15.3.RELEASE\beetl-ext-3.15.3.RELEASE.jar;"/>
    <property name="sun.cpu.endian" value="little"/>
    <property name="user.home" value="C:\Users\Dell"/>
    <property name="user.language" value="en"/>
    <property name="java.specification.vendor" value="Oracle Corporation"/>
    <property name="java.home" value="C:\Program Files\Java\jdk1.8.0_341\jre"/>
    <property name="basedir" value="C:\Users\Dell\unacademy"/>
    <property name="file.separator" value="\"/>
    <property name="line.separator" value="&#10;"/>
    <property name="java.vm.specification.vendor" value="Oracle Corporation"/>
    <property name="java.specification.name" value="Java Platform API Specification"/>
    <property name="java.awt.graphicsenv" value="sun.awt.Win32GraphicsEnvironment"/>
    <property name="surefire.real.class.path" value="C:\Users\Dell\AppData\Local\Temp\surefire1836213380652266144\surefirebooter1278915520316105378.jar"/>
    <property name="sun.boot.class.path" value="C:\Program Files\Java\jdk1.8.0_341\jre\lib\resources.jar;C:\Program Files\Java\jdk1.8.0_341\jre\lib\rt.jar;C:\Program Files\Java\jdk1.8.0_341\jre\lib\jsse.jar;C:\Program Files\Java\jdk1.8.0_341\jre\lib\jce.jar;C:\Program Files\Java\jdk1.8.0_341\jre\lib\charsets.jar;C:\Program Files\Java\jdk1.8.0_341\jre\lib\jfr.jar;C:\Program Files\Java\jdk1.8.0_341\jre\classes"/>
    <property name="user.script" value=""/>
    <property name="sun.management.compiler" value="HotSpot 64-Bit Tiered Compilers"/>
    <property name="java.runtime.version" value="1.8.0_341-b10"/>
    <property name="user.name" value="Dell"/>
    <property name="path.separator" value=";"/>
    <property name="os.version" value="10.0"/>
    <property name="java.endorsed.dirs" value="C:\Program Files\Java\jdk1.8.0_341\jre\lib\endorsed"/>
    <property name="java.runtime.name" value="Java(TM) SE Runtime Environment"/>
    <property name="file.encoding" value="Cp1252"/>
    <property name="java.vm.name" value="Java HotSpot(TM) 64-Bit Server VM"/>
    <property name="localRepository" value="C:\Users\Dell\.m2\repository"/>
    <property name="java.vendor.url.bug" value="http://bugreport.sun.com/bugreport/"/>
    <property name="java.io.tmpdir" value="C:\Users\Dell\AppData\Local\Temp\"/>
    <property name="java.version" value="1.8.0_341"/>
    <property name="user.dir" value="C:\Users\Dell\unacademy"/>
    <property name="os.arch" value="amd64"/>
    <property name="java.vm.specification.name" value="Java Virtual Machine Specification"/>
    <property name="java.awt.printerjob" value="sun.awt.windows.WPrinterJob"/>
    <property name="sun.os.patch.level" value=""/>
    <property name="java.library.path" value="C:\Program Files\Java\jdk1.8.0_341\jre\bin;C:\WINDOWS\Sun\Java\bin;C:\WINDOWS\system32;C:\WINDOWS;C:\Program Files (x86)\VMware\VMware Workstation\bin\;C:\Program Files (x86)\Common Files\Oracle\Java\javapath;C:\WINDOWS\system32;C:\WINDOWS;C:\WINDOWS\System32\Wbem;C:\WINDOWS\System32\WindowsPowerShell\v1.0\;C:\WINDOWS\System32\OpenSSH\;C:\Program Files\Java\jdk1.8.0_341\bin;C:\Program Files\nodejs\;C:\Program Files\Git\cmd;C:\Program Files\TortoiseGit\bin;C:\apache-maven-3.9.0\bin;C:\Program Files\Docker\Docker\resources\bin;C:\Program Files\Amazon\AWSCLIV2\;C:\Program Files\PuTTY\;C:\Program Files\MySQL\MySQL Shell 8.0\bin\;C:\Users\Dell\AppData\Local\Microsoft\WindowsApps;;C:\Users\Dell\AppData\Local\Programs\Microsoft VS Code\bin;C:\Users\Dell\AppData\Roaming\npm;."/>
    <property name="java.vm.info" value="mixed mode"/>
    <property name="java.vendor" value="Oracle Corporation"/>
    <property name="java.vm.version" value="25.341-b10"/>
    <property name="java.ext.dirs" value="C:\Program Files\Java\jdk1.8.0_341\jre\lib\ext;C:\WINDOWS\Sun\Java\lib\ext"/>
    <property name="sun.io.unicode.encoding" value="UnicodeLittle"/>
    <property name="java.class.version" value="52.0"/>
  </properties>
  <testcase name="shouldAnswerWithTrue" classname="com.unacademy.AppTest" time="0"/>
</testsuite>